<?xml version="1.0" encoding="UTF-8"?>
<!-- Generated by org.testng.reporters.JUnitXMLReporter -->
<testsuite hostname="LT-35775A" ignored="0" name="Test1" tests="3" failures="0" timestamp="28 May 2018 02:18:48 GMT" time="12.489" errors="0">
  <testcase name="loginTest" time="3.626" classname="com.tests.flight.BookAFlightTests"/>
  <testcase name="verifyDropDownFrom" time="0.382" classname="com.tests.flight.BookAFlightTests"/>
  <testcase name="verifyDropDownPassengers" time="0.242" classname="com.tests.flight.BookAFlightTests"/>
</testsuite> <!-- Test1 -->
