<?xml version="1.0" encoding="UTF-8"?>
<!-- Generated by org.testng.reporters.JUnitXMLReporter -->
<testsuite hostname="LT-35775A" name="Test1" tests="3" failures="0" timestamp="28 May 2018 06:23:25 GMT" time="15.647" errors="0">
  <testcase name="loginTest" time="5.758" classname="com.tests.flight.BookAFlightTests"/>
  <testcase name="verifyDropDownFrom" time="0.362" classname="com.tests.flight.BookAFlightTests"/>
  <testcase name="verifyDropDownPassengers" time="0.37" classname="com.tests.flight.BookAFlightTests"/>
</testsuite> <!-- Test1 -->
