<?xml version="1.0" encoding="UTF-8"?>
<testng-results skipped="0" failed="0" total="3" passed="3">
  <reporter-output>
  </reporter-output>
  <suite name="Suite" duration-ms="15647" started-at="2018-05-28T06:23:09Z" finished-at="2018-05-28T06:23:25Z">
    <groups>
    </groups>
    <test name="Test1" duration-ms="15647" started-at="2018-05-28T06:23:09Z" finished-at="2018-05-28T06:23:25Z">
      <class name="com.tests.flight.BookAFlightTests">
        <test-method status="PASS" signature="beforeMethod()[pri:0, instance:com.tests.flight.BookAFlightTests@140c9f39]" name="beforeMethod" is-config="true" duration-ms="1377" started-at="2018-05-28T11:53:09Z" finished-at="2018-05-28T11:53:11Z">
          <reporter-output>
          </reporter-output>
        </test-method> <!-- beforeMethod -->
        <test-method status="PASS" signature="loginTest(java.lang.String, java.lang.String)[pri:0, instance:com.tests.flight.BookAFlightTests@140c9f39]" name="loginTest" duration-ms="5758" started-at="2018-05-28T11:53:11Z" finished-at="2018-05-28T11:53:16Z">
          <params>
            <param index="0">
              <value>
                <![CDATA[Abuthaheer]]>
              </value>
            </param>
            <param index="1">
              <value>
                <![CDATA[test123]]>
              </value>
            </param>
          </params>
          <reporter-output>
          </reporter-output>
        </test-method> <!-- loginTest -->
        <test-method status="PASS" signature="afterMethod()[pri:0, instance:com.tests.flight.BookAFlightTests@140c9f39]" name="afterMethod" is-config="true" duration-ms="1046" started-at="2018-05-28T11:53:16Z" finished-at="2018-05-28T11:53:17Z">
          <reporter-output>
          </reporter-output>
        </test-method> <!-- afterMethod -->
        <test-method status="PASS" signature="beforeMethod()[pri:0, instance:com.tests.flight.BookAFlightTests@140c9f39]" name="beforeMethod" is-config="true" duration-ms="1048" started-at="2018-05-28T11:53:17Z" finished-at="2018-05-28T11:53:18Z">
          <reporter-output>
          </reporter-output>
        </test-method> <!-- beforeMethod -->
        <test-method status="PASS" signature="verifyDropDownFrom()[pri:0, instance:com.tests.flight.BookAFlightTests@140c9f39]" name="verifyDropDownFrom" duration-ms="362" started-at="2018-05-28T11:53:18Z" finished-at="2018-05-28T11:53:19Z">
          <reporter-output>
          </reporter-output>
        </test-method> <!-- verifyDropDownFrom -->
        <test-method status="PASS" signature="afterMethod()[pri:0, instance:com.tests.flight.BookAFlightTests@140c9f39]" name="afterMethod" is-config="true" duration-ms="986" started-at="2018-05-28T11:53:19Z" finished-at="2018-05-28T11:53:20Z">
          <reporter-output>
          </reporter-output>
        </test-method> <!-- afterMethod -->
        <test-method status="PASS" signature="beforeMethod()[pri:0, instance:com.tests.flight.BookAFlightTests@140c9f39]" name="beforeMethod" is-config="true" duration-ms="997" started-at="2018-05-28T11:53:20Z" finished-at="2018-05-28T11:53:21Z">
          <reporter-output>
          </reporter-output>
        </test-method> <!-- beforeMethod -->
        <test-method status="PASS" signature="verifyDropDownPassengers()[pri:0, instance:com.tests.flight.BookAFlightTests@140c9f39]" name="verifyDropDownPassengers" duration-ms="370" started-at="2018-05-28T11:53:21Z" finished-at="2018-05-28T11:53:21Z">
          <reporter-output>
          </reporter-output>
        </test-method> <!-- verifyDropDownPassengers -->
        <test-method status="PASS" signature="afterMethod()[pri:0, instance:com.tests.flight.BookAFlightTests@140c9f39]" name="afterMethod" is-config="true" duration-ms="1235" started-at="2018-05-28T11:53:21Z" finished-at="2018-05-28T11:53:22Z">
          <reporter-output>
          </reporter-output>
        </test-method> <!-- afterMethod -->
        <test-method status="PASS" signature="afterClass()[pri:0, instance:com.tests.flight.BookAFlightTests@140c9f39]" name="afterClass" is-config="true" duration-ms="2446" started-at="2018-05-28T11:53:22Z" finished-at="2018-05-28T11:53:25Z">
          <reporter-output>
          </reporter-output>
        </test-method> <!-- afterClass -->
      </class> <!-- com.tests.flight.BookAFlightTests -->
    </test> <!-- Test1 -->
  </suite> <!-- Suite -->
</testng-results>
