<?xml version="1.0" encoding="UTF-8"?>
<testng-results skipped="0" failed="0" ignored="0" total="3" passed="3">
  <reporter-output>
  </reporter-output>
  <suite name="Suite" duration-ms="12489" started-at="2018-05-28T02:18:36Z" finished-at="2018-05-28T02:18:48Z">
    <groups>
    </groups>
    <test name="Test1" duration-ms="12489" started-at="2018-05-28T02:18:36Z" finished-at="2018-05-28T02:18:48Z">
      <class name="com.tests.flight.BookAFlightTests">
        <test-method status="PASS" signature="beforeMethod()[pri:0, instance:com.tests.flight.BookAFlightTests@723ca036]" name="beforeMethod" is-config="true" duration-ms="1349" started-at="2018-05-28T02:18:36Z" finished-at="2018-05-28T02:18:37Z">
          <reporter-output>
          </reporter-output>
        </test-method> <!-- beforeMethod -->
        <test-method status="PASS" signature="loginTest(java.lang.String, java.lang.String)[pri:0, instance:com.tests.flight.BookAFlightTests@723ca036]" name="loginTest" duration-ms="3626" started-at="2018-05-28T02:18:37Z" finished-at="2018-05-28T02:18:41Z">
          <params>
            <param index="0">
              <value>
                <![CDATA[Abuthaheer]]>
              </value>
            </param>
            <param index="1">
              <value>
                <![CDATA[test123]]>
              </value>
            </param>
          </params>
          <reporter-output>
          </reporter-output>
        </test-method> <!-- loginTest -->
        <test-method status="PASS" signature="afterMethod()[pri:0, instance:com.tests.flight.BookAFlightTests@723ca036]" name="afterMethod" is-config="true" duration-ms="944" started-at="2018-05-28T02:18:41Z" finished-at="2018-05-28T02:18:42Z">
          <reporter-output>
          </reporter-output>
        </test-method> <!-- afterMethod -->
        <test-method status="PASS" signature="beforeMethod()[pri:0, instance:com.tests.flight.BookAFlightTests@723ca036]" name="beforeMethod" is-config="true" duration-ms="960" started-at="2018-05-28T02:18:42Z" finished-at="2018-05-28T02:18:43Z">
          <reporter-output>
          </reporter-output>
        </test-method> <!-- beforeMethod -->
        <test-method status="PASS" signature="verifyDropDownFrom()[pri:0, instance:com.tests.flight.BookAFlightTests@723ca036]" name="verifyDropDownFrom" duration-ms="382" started-at="2018-05-28T02:18:43Z" finished-at="2018-05-28T02:18:43Z">
          <reporter-output>
          </reporter-output>
        </test-method> <!-- verifyDropDownFrom -->
        <test-method status="PASS" signature="afterMethod()[pri:0, instance:com.tests.flight.BookAFlightTests@723ca036]" name="afterMethod" is-config="true" duration-ms="970" started-at="2018-05-28T02:18:43Z" finished-at="2018-05-28T02:18:44Z">
          <reporter-output>
          </reporter-output>
        </test-method> <!-- afterMethod -->
        <test-method status="PASS" signature="beforeMethod()[pri:0, instance:com.tests.flight.BookAFlightTests@723ca036]" name="beforeMethod" is-config="true" duration-ms="968" started-at="2018-05-28T02:18:44Z" finished-at="2018-05-28T02:18:45Z">
          <reporter-output>
          </reporter-output>
        </test-method> <!-- beforeMethod -->
        <test-method status="PASS" signature="verifyDropDownPassengers()[pri:0, instance:com.tests.flight.BookAFlightTests@723ca036]" name="verifyDropDownPassengers" duration-ms="242" started-at="2018-05-28T02:18:45Z" finished-at="2018-05-28T02:18:45Z">
          <reporter-output>
          </reporter-output>
        </test-method> <!-- verifyDropDownPassengers -->
        <test-method status="PASS" signature="afterMethod()[pri:0, instance:com.tests.flight.BookAFlightTests@723ca036]" name="afterMethod" is-config="true" duration-ms="701" started-at="2018-05-28T02:18:45Z" finished-at="2018-05-28T02:18:46Z">
          <reporter-output>
          </reporter-output>
        </test-method> <!-- afterMethod -->
        <test-method status="PASS" signature="afterClass()[pri:0, instance:com.tests.flight.BookAFlightTests@723ca036]" name="afterClass" is-config="true" duration-ms="2297" started-at="2018-05-28T02:18:46Z" finished-at="2018-05-28T02:18:48Z">
          <reporter-output>
          </reporter-output>
        </test-method> <!-- afterClass -->
      </class> <!-- com.tests.flight.BookAFlightTests -->
    </test> <!-- Test1 -->
  </suite> <!-- Suite -->
</testng-results>
